#
# A fatal error has been detected by the Java Runtime Environment:
#
#  EXCEPTION_ACCESS_VIOLATION (0xc0000005) at pc=0x0000000050ea8f45, pid=4848, tid=4276
#
# JRE version: Java(TM) SE Runtime Environment (8.0_91-b14) (build 1.8.0_91-b14)
# Java VM: Java HotSpot(TM) 64-Bit Server VM (25.91-b14 mixed mode windows-amd64 compressed oops)
# Problematic frame:
# V  [jvm.dll+0x128f45]
#
# Failed to write core dump. Minidumps are not enabled by default on client versions of Windows
#
# If you would like to submit a bug report, please visit:
#   http://bugreport.java.com/bugreport/crash.jsp
#

---------------  T H R E A D  ---------------

Current thread (0x00000000172b7000):  JavaThread "JDWP Transport Listener: dt_socket" daemon [_thread_in_vm, id=4276, stack(0x0000000018c50000,0x0000000018d50000)]

siginfo: ExceptionCode=0xc0000005, reading address 0x000000003b3e3b3e

Registers:
RAX=0x0000000018d4f501, RBX=0x00000000172b7000, RCX=0x000000003b3e3b3e, RDX=0x0000000000000000
RSP=0x0000000018d4f500, RBP=0x000000003b3e3b3e, RSI=0x0000000018d4f618, RDI=0x0000000000939330
R8 =0x00000000172b7000, R9 =0x0000000000000000, R10=0x0000000000000000, R11=0x0000000000000064
R12=0x0000000000000000, R13=0x00000000172c0368, R14=0x0000000000000000, R15=0x0000000000000000
RIP=0x0000000050ea8f45, EFLAGS=0x0000000000010202

Top of Stack: (sp=0x0000000018d4f500)
0x0000000018d4f500:   00000000172b7000 00000000192a9cc0
0x0000000018d4f510:   0000000018d4f5c8 00000000510af32b
0x0000000018d4f520:   00000000172b7000 00000000510cbb8d
0x0000000018d4f530:   0000000000000000 0000000050999155
0x0000000018d4f540:   0000000019213f68 00000000509a291e
0x0000000018d4f550:   00000000172b7000 0000000000000000
0x0000000018d4f560:   0000000000000000 0000000000000000
0x0000000018d4f570:   000000003b3e3b3e 00000000509a1a15
0x0000000018d4f580:   0000000018d4f618 0000000018d4f5f0
0x0000000018d4f590:   0000000000000001 0000000019213f68
0x0000000018d4f5a0:   000000003b3e3b3e 00000000509853b3
0x0000000018d4f5b0:   0000000018d4f6e0 0000000000000001
0x0000000018d4f5c0:   0000000000000001 0000000019213f68
0x0000000018d4f5d0:   00000000f000100a 0000000000000000
0x0000000018d4f5e0:   0000000000000000 0000000000000000
0x0000000018d4f5f0:   0000000000000001 0000000050985571 

Instructions: (pc=0x0000000050ea8f45)
0x0000000050ea8f25:   cc cc cc cc cc cc cc cc cc cc cc 48 83 ec 28 48
0x0000000050ea8f35:   85 c9 75 07 33 c0 48 83 c4 28 c3 48 89 5c 24 20
0x0000000050ea8f45:   48 8b 19 48 85 db 74 20 48 83 fb 37 74 1a 48 8b
0x0000000050ea8f55:   13 48 8b cb ff 52 10 84 c0 74 0d 48 8b c3 48 8b 


Register to memory mapping:

RAX=0x0000000018d4f501 is pointing into the stack for thread: 0x00000000172b7000
RBX=0x00000000172b7000 is a thread
RCX=0x000000003b3e3b3e is an unknown value
RDX=0x0000000000000000 is an unknown value
RSP=0x0000000018d4f500 is pointing into the stack for thread: 0x00000000172b7000
RBP=0x000000003b3e3b3e is an unknown value
RSI=0x0000000018d4f618 is pointing into the stack for thread: 0x00000000172b7000
RDI=0x0000000000939330 is an unknown value
R8 =0x00000000172b7000 is a thread
R9 =0x0000000000000000 is an unknown value
R10=0x0000000000000000 is an unknown value
R11=0x0000000000000064 is an unknown value
R12=0x0000000000000000 is an unknown value
R13=0x00000000172c0368 is an unknown value
R14=0x0000000000000000 is an unknown value
R15=0x0000000000000000 is an unknown value


Stack: [0x0000000018c50000,0x0000000018d50000],  sp=0x0000000018d4f500,  free space=1021k
Native frames: (J=compiled Java code, j=interpreted, Vv=VM code, C=native code)
V  [jvm.dll+0x128f45]
V  [jvm.dll+0x34bb8d]
C  [jdwp.dll+0x21a15]
C  [jdwp.dll+0x53b3]
C  [jdwp.dll+0x5571]
C  [jdwp.dll+0xf0a8]
C  [jdwp.dll+0x1f2d5]
C  [jdwp.dll+0x1f4aa]
V  [jvm.dll+0x1bbf38]
V  [jvm.dll+0x243ae4]
V  [jvm.dll+0x29a99a]
C  [msvcr100.dll+0x21d9f]
C  [msvcr100.dll+0x21e3b]
C  [KERNEL32.DLL+0x8364]
C  [ntdll.dll+0x65e91]


---------------  P R O C E S S  ---------------

Java Threads: ( => current thread )
  0x0000000019194000 JavaThread "Service Thread" daemon [_thread_blocked, id=3244, stack(0x0000000019650000,0x0000000019750000)]
  0x0000000019170800 JavaThread "C1 CompilerThread2" daemon [_thread_blocked, id=2672, stack(0x0000000019550000,0x0000000019650000)]
  0x00000000172d8000 JavaThread "C2 CompilerThread1" daemon [_thread_blocked, id=6452, stack(0x0000000019050000,0x0000000019150000)]
  0x00000000172d6800 JavaThread "C2 CompilerThread0" daemon [_thread_blocked, id=8452, stack(0x0000000018f50000,0x0000000019050000)]
  0x00000000172c6800 JavaThread "JDWP Command Reader" daemon [_thread_in_native, id=792, stack(0x0000000018e50000,0x0000000018f50000)]
  0x00000000172c5000 JavaThread "JDWP Event Helper Thread" daemon [_thread_blocked, id=3048, stack(0x0000000018d50000,0x0000000018e50000)]
=>0x00000000172b7000 JavaThread "JDWP Transport Listener: dt_socket" daemon [_thread_in_vm, id=4276, stack(0x0000000018c50000,0x0000000018d50000)]
  0x00000000172ac800 JavaThread "Attach Listener" daemon [_thread_blocked, id=4024, stack(0x0000000018810000,0x0000000018910000)]
  0x00000000172ab000 JavaThread "Signal Dispatcher" daemon [_thread_blocked, id=9884, stack(0x0000000018710000,0x0000000018810000)]
  0x000000000273a800 JavaThread "Finalizer" daemon [_thread_blocked, id=440, stack(0x0000000018500000,0x0000000018600000)]
  0x0000000002731000 JavaThread "Reference Handler" daemon [_thread_blocked, id=8880, stack(0x0000000018400000,0x0000000018500000)]
  0x000000000093e000 JavaThread "main" [_thread_in_native, id=4216, stack(0x0000000000db0000,0x0000000000eb0000)]

Other Threads:
  0x0000000017277000 VMThread [stack: 0x0000000018300000,0x0000000018400000] [id=5204]
  0x0000000019198800 WatcherThread [stack: 0x0000000019750000,0x0000000019850000] [id=3392]

VM state:not at safepoint (normal execution)

VM Mutex/Monitor currently owned by a thread: None

Heap:
 PSYoungGen      total 38400K, used 3994K [0x00000000d5c00000, 0x00000000d8680000, 0x0000000100000000)
  eden space 33280K, 12% used [0x00000000d5c00000,0x00000000d5fe69a0,0x00000000d7c80000)
  from space 5120K, 0% used [0x00000000d8180000,0x00000000d8180000,0x00000000d8680000)
  to   space 5120K, 0% used [0x00000000d7c80000,0x00000000d7c80000,0x00000000d8180000)
 ParOldGen       total 87552K, used 0K [0x0000000081400000, 0x0000000086980000, 0x00000000d5c00000)
  object space 87552K, 0% used [0x0000000081400000,0x0000000081400000,0x0000000086980000)
 Metaspace       used 4554K, capacity 4990K, committed 5248K, reserved 1056768K
  class space    used 529K, capacity 603K, committed 640K, reserved 1048576K

Card table byte_map: [0x0000000011b00000,0x0000000011f00000] byte_map_base: 0x00000000116f6000

Marking Bits: (ParMarkBitMap*) 0x0000000051592f70
 Begin Bits: [0x00000000125b0000, 0x0000000014560000)
 End Bits:   [0x0000000014560000, 0x0000000016510000)

Polling page: 0x0000000000920000

CodeCache: size=245760Kb used=1638Kb max_used=1638Kb free=244122Kb
 bounds [0x0000000002740000, 0x00000000029b0000, 0x0000000011740000]
 total_blobs=546 nmethods=287 adapters=180
 compilation: enabled

Compilation events (10 events):
Event: 0.271 Thread 0x0000000019170800  283       3       java.util.regex.ASCII::isAscii (13 bytes)
Event: 0.271 Thread 0x0000000019170800 nmethod 283 0x00000000028d88d0 code [0x00000000028d8a20, 0x00000000028d8bb0]
Event: 0.271 Thread 0x0000000019170800  284       3       java.util.regex.Pattern::peek (26 bytes)
Event: 0.271 Thread 0x0000000019170800 nmethod 284 0x00000000028d8c10 code [0x00000000028d8d80, 0x00000000028d9048]
Event: 0.271 Thread 0x0000000019170800  285       3       java.lang.Character::isBmpCodePoint (13 bytes)
Event: 0.271 Thread 0x0000000019170800 nmethod 285 0x00000000028d9190 code [0x00000000028d92e0, 0x00000000028d9470]
Event: 0.271 Thread 0x0000000019170800  286       3       java.util.regex.Pattern::next (33 bytes)
Event: 0.271 Thread 0x0000000019170800 nmethod 286 0x00000000028d94d0 code [0x00000000028d9640, 0x00000000028d9928]
Event: 0.271 Thread 0x0000000019170800  287       1       java.util.regex.Pattern::flags (5 bytes)
Event: 0.271 Thread 0x0000000019170800 nmethod 287 0x00000000028d9a50 code [0x00000000028d9ba0, 0x00000000028d9cb0]

GC Heap History (0 events):
No events

Deoptimization events (0 events):
No events

Internal exceptions (8 events):
Event: 0.027 Thread 0x000000000093e000 Exception <a 'java/lang/NoSuchMethodError': Method sun.misc.Unsafe.defineClass(Ljava/lang/String;[BII)Ljava/lang/Class; name or signature does not match> (0x00000000d5c07cc0) thrown at [C:\re\workspace\8-2-build-windows-amd64-cygwin\jdk8u91\6644\hotspot\srSžYøü[›?
Event: 0.027 Thread 0x000000000093e000 Exception <a 'java/lang/NoSuchMethodError': Method sun.misc.Unsafe.prefetchRead(Ljava/lang/Object;J)V name or signature does not match> (0x00000000d5c07fa8) thrown at [C:\re\workspace\8-2-build-windows-amd64-cygwin\jdk8u91\6644\hotspot\src\share\vm\prims\jŒ.‘¦«5Ã?
Event: 0.150 Thread 0x000000000093e000 Exception <a 'java/security/PrivilegedActionException'> (0x00000000d5df91b0) thrown at [C:\re\workspace\8-2-build-windows-amd64-cygwin\jdk8u91\6644\hotspot\src\share\vm\prims\jvm.cpp, line 1386]
Event: 0.150 Thread 0x000000000093e000 Exception <a 'java/security/PrivilegedActionException'> (0x00000000d5df93c0) thrown at [C:\re\workspace\8-2-build-windows-amd64-cygwin\jdk8u91\6644\hotspot\src\share\vm\prims\jvm.cpp, line 1386]
Event: 0.151 Thread 0x000000000093e000 Exception <a 'java/security/PrivilegedActionException'> (0x00000000d5dfcf68) thrown at [C:\re\workspace\8-2-build-windows-amd64-cygwin\jdk8u91\6644\hotspot\src\share\vm\prims\jvm.cpp, line 1386]
Event: 0.151 Thread 0x000000000093e000 Exception <a 'java/security/PrivilegedActionException'> (0x00000000d5dfd178) thrown at [C:\re\workspace\8-2-build-windows-amd64-cygwin\jdk8u91\6644\hotspot\src\share\vm\prims\jvm.cpp, line 1386]
Event: 0.236 Thread 0x000000000093e000 Exception <a 'java/lang/NoSuchFieldError': method resolution failed> (0x00000000d5f3f3d8) thrown at [C:\re\workspace\8-2-build-windows-amd64-cygwin\jdk8u91\6644\hotspot\src\share\vm\prims\methodHandles.cpp, line 1146]
Event: 0.244 Thread 0x000000000093e000 Exception <a 'java/lang/NoSuchFieldError': method resolution failed> (0x00000000d5f4c7e0) thrown at [C:\re\workspace\8-2-build-windows-amd64-cygwin\jdk8u91\6644\hotspot\src\share\vm\prims\methodHandles.cpp, line 1146]

Events (10 events):
Event: 159.447 Executing VM operation: ChangeBreakpoints
Event: 159.447 Executing VM operation: ChangeBreakpoints done
Event: 159.453 Executing VM operation: ChangeBreakpoints
Event: 159.453 Executing VM operation: ChangeBreakpoints done
Event: 7006.765 Executing VM operation: RedefineClasses
Event: 7006.773 Executing VM operation: RedefineClasses done
Event: 7006.810 Executing VM operation: ChangeBreakpoints
Event: 7006.810 Executing VM operation: ChangeBreakpoints done
Event: 7019.184 Executing VM operation: RedefineClasses
Event: 7019.186 Executing VM operation: RedefineClasses done


Dynamic libraries:
0x00007ff7c8280000 - 0x00007ff7c82b7000 	C:\Program Files\Java\jre1.8.0_91\bin\javaw.exe
0x00007ff9de240000 - 0x00007ff9de411000 	C:\WINDOWS\SYSTEM32\ntdll.dll
0x00007ff9dc150000 - 0x00007ff9dc1fb000 	C:\WINDOWS\System32\KERNEL32.DLL
0x00007ff9dac30000 - 0x00007ff9dae4d000 	C:\WINDOWS\System32\KERNELBASE.dll
0x00007ff9de190000 - 0x00007ff9de232000 	C:\WINDOWS\System32\ADVAPI32.dll
0x00007ff9dc490000 - 0x00007ff9dc52e000 	C:\WINDOWS\System32\msvcrt.dll
0x00007ff9dc6d0000 - 0x00007ff9dc729000 	C:\WINDOWS\System32\sechost.dll
0x00007ff9dbf30000 - 0x00007ff9dc051000 	C:\WINDOWS\System32\RPCRT4.dll
0x00007ff9db850000 - 0x00007ff9db9b5000 	C:\WINDOWS\System32\USER32.dll
0x00007ff9da730000 - 0x00007ff9da74e000 	C:\WINDOWS\System32\win32u.dll
0x00007ff9dc110000 - 0x00007ff9dc144000 	C:\WINDOWS\System32\GDI32.dll
0x00007ff9daf60000 - 0x00007ff9db0e2000 	C:\WINDOWS\System32\gdi32full.dll
0x00007ff9d50d0000 - 0x00007ff9d5349000 	C:\WINDOWS\WinSxS\amd64_microsoft.windows.common-controls_6595b64144ccf1df_6.0.14393.447_none_42191651c6827bb3\COMCTL32.dll
0x00007ff9dde60000 - 0x00007ff9de127000 	C:\WINDOWS\System32\combase.dll
0x00007ff9daa20000 - 0x00007ff9dab15000 	C:\WINDOWS\System32\ucrtbase.dll
0x00007ff9dab20000 - 0x00007ff9dab8a000 	C:\WINDOWS\System32\bcryptPrimitives.dll
0x00007ff9dc300000 - 0x00007ff9dc32e000 	C:\WINDOWS\System32\IMM32.DLL
0x0000000050ca0000 - 0x0000000050d72000 	C:\Program Files\Java\jre1.8.0_91\bin\msvcr100.dll
0x0000000050d80000 - 0x0000000051613000 	C:\Program Files\Java\jre1.8.0_91\bin\server\jvm.dll
0x00007ff9dc100000 - 0x00007ff9dc108000 	C:\WINDOWS\System32\PSAPI.DLL
0x00007ff9d87b0000 - 0x00007ff9d87d3000 	C:\WINDOWS\SYSTEM32\WINMM.dll
0x00007ff9ce620000 - 0x00007ff9ce62a000 	C:\WINDOWS\SYSTEM32\VERSION.dll
0x0000000000970000 - 0x000000000099b000 	C:\WINDOWS\SYSTEM32\WINMMBASE.dll
0x00007ff9da9d0000 - 0x00007ff9daa12000 	C:\WINDOWS\System32\cfgmgr32.dll
0x00007ff9cdd20000 - 0x00007ff9cdd29000 	C:\WINDOWS\SYSTEM32\WSOCK32.dll
0x00007ff9ddcb0000 - 0x00007ff9ddd1a000 	C:\WINDOWS\System32\WS2_32.dll
0x0000000050c90000 - 0x0000000050c9f000 	C:\Program Files\Java\jre1.8.0_91\bin\verify.dll
0x0000000050c60000 - 0x0000000050c89000 	C:\Program Files\Java\jre1.8.0_91\bin\java.dll
0x0000000050980000 - 0x00000000509b5000 	C:\Program Files\Java\jre1.8.0_91\bin\jdwp.dll
0x0000000050970000 - 0x0000000050978000 	C:\Program Files\Java\jre1.8.0_91\bin\npt.dll
0x0000000050c40000 - 0x0000000050c56000 	C:\Program Files\Java\jre1.8.0_91\bin\zip.dll
0x00007ff9dc740000 - 0x00007ff9ddc49000 	C:\WINDOWS\System32\SHELL32.dll
0x00007ff9db0f0000 - 0x00007ff9db7ca000 	C:\WINDOWS\System32\windows.storage.dll
0x00007ff9da6c0000 - 0x00007ff9da70c000 	C:\WINDOWS\System32\powrprof.dll
0x00007ff9de130000 - 0x00007ff9de182000 	C:\WINDOWS\System32\shlwapi.dll
0x00007ff9da6b0000 - 0x00007ff9da6bf000 	C:\WINDOWS\System32\kernel.appcore.dll
0x00007ff9da750000 - 0x00007ff9da7f9000 	C:\WINDOWS\System32\shcore.dll
0x00007ff9da710000 - 0x00007ff9da724000 	C:\WINDOWS\System32\profapi.dll
0x0000000050960000 - 0x0000000050969000 	C:\Program Files\Java\jre1.8.0_91\bin\dt_socket.dll
0x00007ff9ce7f0000 - 0x00007ff9ce806000 	C:\WINDOWS\system32\napinsp.dll
0x00007ff9ce810000 - 0x00007ff9ce82a000 	C:\WINDOWS\system32\pnrpnsp.dll
0x00007ff9d7af0000 - 0x00007ff9d7b08000 	C:\WINDOWS\system32\NLAapi.dll
0x00007ff9d9ea0000 - 0x00007ff9d9efc000 	C:\WINDOWS\System32\mswsock.dll
0x00007ff9d9c70000 - 0x00007ff9d9d10000 	C:\WINDOWS\SYSTEM32\DNSAPI.dll
0x00007ff9db7d0000 - 0x00007ff9db7d8000 	C:\WINDOWS\System32\NSI.dll
0x00007ff9d9c30000 - 0x00007ff9d9c68000 	C:\WINDOWS\SYSTEM32\IPHLPAPI.DLL
0x00007ff9cfb40000 - 0x00007ff9cfb4e000 	C:\WINDOWS\System32\winrnr.dll
0x00007ff9d6630000 - 0x00007ff9d669a000 	C:\WINDOWS\System32\fwpuclnt.dll
0x00007ff9da5e0000 - 0x00007ff9da60b000 	C:\WINDOWS\SYSTEM32\bcrypt.dll
0x00007ff9d3f40000 - 0x00007ff9d3f4a000 	C:\Windows\System32\rasadhlp.dll
0x00007ff9d7780000 - 0x00007ff9d7912000 	C:\WINDOWS\SYSTEM32\dbghelp.dll

VM Arguments:
jvm_args: -agentlib:jdwp=transport=dt_socket,suspend=y,address=localhost:63789 -Dfile.encoding=UTF-8 
java_command: fr.pizzeria.ihm.Ecran
java_class_path (initial): C:\Users\ETY11\Documents\formation-dta\workspace\dta-pizzeria\dta-pizzeria-console\target\classes;C:\Users\ETY11\Documents\formation-dta\workspace\dta-pizzeria\dta-pizzeria-model\target\classes;C:\Users\ETY11\Documents\formation-dta\workspace\dta-pizzeria\dta-pizzeria-dao\target\classes;C:\Users\ETY11\.m2\repository\org\apache\commons\commons-lang3\3.5\commons-lang3-3.5.jar
Launcher Type: SUN_STANDARD

Environment Variables:
JAVA_HOME=C:\Program Files\Java\jdk1.8.0_91
PATH=C:/Program Files/Java/jre1.8.0_91/bin/server;C:/Program Files/Java/jre1.8.0_91/bin;C:/Program Files/Java/jre1.8.0_91/lib/amd64;C:\ProgramData\Oracle\Java\javapath;C:\WINDOWS\system32;C:\WINDOWS;C:\WINDOWS\System32\Wbem;C:\WINDOWS\System32\WindowsPowerShell\v1.0\;C:\Program Files (x86)\Git\cmd;C:\apache-maven-3.3.9\bin;C:\Users\ETY11\AppData\Local\Microsoft\WindowsApps;;C:\Program Files (x86)\Microsoft VS Code\bin;C:\sts-bundle\sts-3.8.2.RELEASE;
USERNAME=ETY11
OS=Windows_NT
PROCESSOR_IDENTIFIER=Intel64 Family 6 Model 60 Stepping 3, GenuineIntel



---------------  S Y S T E M  ---------------

OS: Windows 10.0 , 64 bit Build 14393 (10.0.14393.0)

CPU:total 4 (2 cores per cpu, 2 threads per core) family 6 model 60 stepping 3, cmov, cx8, fxsr, mmx, sse, sse2, sse3, ssse3, sse4.1, sse4.2, popcnt, avx, avx2, aes, clmul, erms, lzcnt, ht, tsc, tscinvbit, bmi1, bmi2

Memory: 4k page, physical 8305076k(3566328k free), swap 13365388k(4171880k free)

vm_info: Java HotSpot(TM) 64-Bit Server VM (25.91-b14) for windows-amd64 JRE (1.8.0_91-b14), built on Apr  1 2016 00:58:32 by "java_re" with MS VC++ 10.0 (VS2010)

time: Tue Dec 06 14:01:21 2016
elapsed time: 7019 seconds (0d 1h 56m 59s)

