#
# A fatal error has been detected by the Java Runtime Environment:
#
#  EXCEPTION_ACCESS_VIOLATION (0xc0000005) at pc=0x0000000000000000, pid=5288, tid=9632
#
# JRE version: Java(TM) SE Runtime Environment (8.0_91-b14) (build 1.8.0_91-b14)
# Java VM: Java HotSpot(TM) 64-Bit Server VM (25.91-b14 mixed mode windows-amd64 compressed oops)
# Problematic frame:
# C  0x0000000000000000
#
# Failed to write core dump. Minidumps are not enabled by default on client versions of Windows
#
# If you would like to submit a bug report, please visit:
#   http://bugreport.java.com/bugreport/crash.jsp
#

---------------  T H R E A D  ---------------

Current thread (0x0000000017677800):  JavaThread "JDWP Transport Listener: dt_socket" daemon [_thread_in_vm, id=9632, stack(0x0000000019020000,0x0000000019120000)]

siginfo: ExceptionCode=0xc0000005, ExceptionInformation=0x0000000000000008 0x0000000000000000

Registers:
RAX=0x000000001911f901, RBX=0x0000000017695b28, RCX=0x0000000017695b28, RDX=0x00000000170f0df8
RSP=0x000000001911f8a8, RBP=0x000000001971d840, RSI=0x000000001911f9c8, RDI=0x00000000028f9070
R8 =0x0000000017677800, R9 =0x0000000000000000, R10=0x0000000000000000, R11=0x0000000000000064
R12=0x0000000000000000, R13=0x0000000017680688, R14=0x0000000000000000, R15=0x0000000000000000
RIP=0x0000000000000000, EFLAGS=0x0000000000010202

Top of Stack: (sp=0x000000001911f8a8)
0x000000001911f8a8:   0000000050ea8f5c 0000000017677800
0x000000001911f8b8:   00000000199c5640 000000001911f978
0x000000001911f8c8:   00000000510af32b 0000000017677800
0x000000001911f8d8:   00000000510cbb8d 0000000000000000
0x000000001911f8e8:   0000000050ba9155 000000001973c118
0x000000001911f8f8:   0000000050bb291e 0000000017677800
0x000000001911f908:   0000000000000000 0000000000000000
0x000000001911f918:   0000000000000000 000000001971d840
0x000000001911f928:   0000000050bb1a15 000000001911f9c8
0x000000001911f938:   000000001911f9a0 0000000000000001
0x000000001911f948:   000000001973c118 000000001971d840
0x000000001911f958:   0000000050b953b3 000000001911fa90
0x000000001911f968:   0000000000000001 0000000000000001
0x000000001911f978:   000000001973c118 00000000f000100a
0x000000001911f988:   0000000000000000 0000000000000000
0x000000001911f998:   0000000000000000 0000000000000001 

Instructions: (pc=0x0000000000000000)
0xffffffffffffffe0:   


Register to memory mapping:

RAX=0x000000001911f901 is pointing into the stack for thread: 0x0000000017677800
RBX=0x0000000017695b28 is an unknown value
RCX=0x0000000017695b28 is an unknown value
RDX={method} {0x00000000170f0e00} 'lambda$2' '(Ljava/lang/Object;Ljava/lang/reflect/Field;)Z' in 'fr/pizzeria/dao/PizzaDaoFileFactory'
RSP=0x000000001911f8a8 is pointing into the stack for thread: 0x0000000017677800
RBP=0x000000001971d840 is an unknown value
RSI=0x000000001911f9c8 is pointing into the stack for thread: 0x0000000017677800
RDI=0x00000000028f9070 is an unknown value
R8 =0x0000000017677800 is a thread
R9 =0x0000000000000000 is an unknown value
R10=0x0000000000000000 is an unknown value
R11=0x0000000000000064 is an unknown value
R12=0x0000000000000000 is an unknown value
R13=0x0000000017680688 is an unknown value
R14=0x0000000000000000 is an unknown value
R15=0x0000000000000000 is an unknown value


Stack: [0x0000000019020000,0x0000000019120000],  sp=0x000000001911f8a8,  free space=1022k
Native frames: (J=compiled Java code, j=interpreted, Vv=VM code, C=native code)


---------------  P R O C E S S  ---------------

Java Threads: ( => current thread )
  0x0000000019667000 JavaThread "Service Thread" daemon [_thread_blocked, id=3232, stack(0x0000000019a20000,0x0000000019b20000)]
  0x000000001769a000 JavaThread "C1 CompilerThread2" daemon [_thread_blocked, id=8356, stack(0x0000000019520000,0x0000000019620000)]
  0x0000000017698800 JavaThread "C2 CompilerThread1" daemon [_thread_blocked, id=3372, stack(0x0000000019420000,0x0000000019520000)]
  0x0000000017692800 JavaThread "C2 CompilerThread0" daemon [_thread_blocked, id=2144, stack(0x0000000019320000,0x0000000019420000)]
  0x0000000017686800 JavaThread "JDWP Command Reader" daemon [_thread_in_native, id=8756, stack(0x0000000019220000,0x0000000019320000)]
  0x0000000017685000 JavaThread "JDWP Event Helper Thread" daemon [_thread_blocked, id=9152, stack(0x0000000019120000,0x0000000019220000)]
=>0x0000000017677800 JavaThread "JDWP Transport Listener: dt_socket" daemon [_thread_in_vm, id=9632, stack(0x0000000019020000,0x0000000019120000)]
  0x000000001766b800 JavaThread "Attach Listener" daemon [_thread_blocked, id=5664, stack(0x0000000018be0000,0x0000000018ce0000)]
  0x000000001766a000 JavaThread "Signal Dispatcher" daemon [_thread_blocked, id=8456, stack(0x0000000018ae0000,0x0000000018be0000)]
  0x0000000002afa800 JavaThread "Finalizer" daemon [_thread_blocked, id=1508, stack(0x00000000188d0000,0x00000000189d0000)]
  0x0000000002aef000 JavaThread "Reference Handler" daemon [_thread_blocked, id=2748, stack(0x00000000187d0000,0x00000000188d0000)]
  0x00000000028fd800 JavaThread "main" [_thread_in_native, id=5816, stack(0x0000000002900000,0x0000000002a00000)]

Other Threads:
  0x0000000017638000 VMThread [stack: 0x00000000186d0000,0x00000000187d0000] [id=3756]
  0x000000001966b000 WatcherThread [stack: 0x0000000019b20000,0x0000000019c20000] [id=8220]

VM state:not at safepoint (normal execution)

VM Mutex/Monitor currently owned by a thread: None

Heap:
 PSYoungGen      total 38400K, used 3997K [0x00000000d5c00000, 0x00000000d8680000, 0x0000000100000000)
  eden space 33280K, 12% used [0x00000000d5c00000,0x00000000d5fe7550,0x00000000d7c80000)
  from space 5120K, 0% used [0x00000000d8180000,0x00000000d8180000,0x00000000d8680000)
  to   space 5120K, 0% used [0x00000000d7c80000,0x00000000d7c80000,0x00000000d8180000)
 ParOldGen       total 87552K, used 0K [0x0000000081400000, 0x0000000086980000, 0x00000000d5c00000)
  object space 87552K, 0% used [0x0000000081400000,0x0000000081400000,0x0000000086980000)
 Metaspace       used 4428K, capacity 4926K, committed 4992K, reserved 1056768K
  class space    used 518K, capacity 603K, committed 640K, reserved 1048576K

Card table byte_map: [0x0000000011ec0000,0x00000000122c0000] byte_map_base: 0x0000000011ab6000

Marking Bits: (ParMarkBitMap*) 0x0000000051592f70
 Begin Bits: [0x0000000012970000, 0x0000000014920000)
 End Bits:   [0x0000000014920000, 0x00000000168d0000)

Polling page: 0x00000000027a0000

CodeCache: size=245760Kb used=1569Kb max_used=1569Kb free=244190Kb
 bounds [0x0000000002b00000, 0x0000000002d70000, 0x0000000011b00000]
 total_blobs=515 nmethods=262 adapters=174
 compilation: enabled

Compilation events (10 events):
Event: 0.277 Thread 0x000000001769a000  258       3       java.util.regex.Pattern::peek (26 bytes)
Event: 0.277 Thread 0x000000001769a000 nmethod 258 0x0000000002c87190 code [0x0000000002c87300, 0x0000000002c875c8]
Event: 0.277 Thread 0x000000001769a000  259       3       java.lang.Character::isBmpCodePoint (13 bytes)
Event: 0.277 Thread 0x000000001769a000 nmethod 259 0x0000000002c87710 code [0x0000000002c87860, 0x0000000002c879f0]
Event: 0.277 Thread 0x000000001769a000  262       3       java.util.regex.Pattern::next (33 bytes)
Event: 0.277 Thread 0x000000001769a000 nmethod 262 0x0000000002c87a50 code [0x0000000002c87bc0, 0x0000000002c87ea8]
Event: 0.277 Thread 0x000000001769a000  260       1       java.util.regex.Pattern::flags (5 bytes)
Event: 0.277 Thread 0x000000001769a000 nmethod 260 0x0000000002c87fd0 code [0x0000000002c88120, 0x0000000002c88230]
Event: 0.277 Thread 0x000000001769a000  261       3       java.util.regex.ASCII::isAscii (13 bytes)
Event: 0.277 Thread 0x000000001769a000 nmethod 261 0x0000000002c88290 code [0x0000000002c883e0, 0x0000000002c88570]

GC Heap History (0 events):
No events

Deoptimization events (0 events):
No events

Internal exceptions (8 events):
Event: 0.026 Thread 0x00000000028fd800 Exception <a 'java/lang/NoSuchMethodError': Method sun.misc.Unsafe.defineClass(Ljava/lang/String;[BII)Ljava/lang/Class; name or signature does not match> (0x00000000d5c07cc0) thrown at [C:\re\workspace\8-2-build-windows-amd64-cygwin\jdk8u91\6644\hotspot\sr®=åaeš?
Event: 0.026 Thread 0x00000000028fd800 Exception <a 'java/lang/NoSuchMethodError': Method sun.misc.Unsafe.prefetchRead(Ljava/lang/Object;J)V name or signature does not match> (0x00000000d5c07fa8) thrown at [C:\re\workspace\8-2-build-windows-amd64-cygwin\jdk8u91\6644\hotspot\src\share\vm\prims\jZAÔ=B¾Å?
Event: 0.170 Thread 0x00000000028fd800 Exception <a 'java/security/PrivilegedActionException'> (0x00000000d5c906d0) thrown at [C:\re\workspace\8-2-build-windows-amd64-cygwin\jdk8u91\6644\hotspot\src\share\vm\prims\jvm.cpp, line 1386]
Event: 0.170 Thread 0x00000000028fd800 Exception <a 'java/security/PrivilegedActionException'> (0x00000000d5c90ac8) thrown at [C:\re\workspace\8-2-build-windows-amd64-cygwin\jdk8u91\6644\hotspot\src\share\vm\prims\jvm.cpp, line 1386]
Event: 0.170 Thread 0x00000000028fd800 Exception <a 'java/security/PrivilegedActionException'> (0x00000000d5c94858) thrown at [C:\re\workspace\8-2-build-windows-amd64-cygwin\jdk8u91\6644\hotspot\src\share\vm\prims\jvm.cpp, line 1386]
Event: 0.170 Thread 0x00000000028fd800 Exception <a 'java/security/PrivilegedActionException'> (0x00000000d5c94c50) thrown at [C:\re\workspace\8-2-build-windows-amd64-cygwin\jdk8u91\6644\hotspot\src\share\vm\prims\jvm.cpp, line 1386]
Event: 0.251 Thread 0x00000000028fd800 Exception <a 'java/lang/NoSuchFieldError': method resolution failed> (0x00000000d5ef8690) thrown at [C:\re\workspace\8-2-build-windows-amd64-cygwin\jdk8u91\6644\hotspot\src\share\vm\prims\methodHandles.cpp, line 1146]
Event: 0.255 Thread 0x00000000028fd800 Exception <a 'java/lang/NoSuchFieldError': method resolution failed> (0x00000000d5f05a10) thrown at [C:\re\workspace\8-2-build-windows-amd64-cygwin\jdk8u91\6644\hotspot\src\share\vm\prims\methodHandles.cpp, line 1146]

Events (10 events):
Event: 709.618 Executing VM operation: ChangeBreakpoints
Event: 709.619 Executing VM operation: ChangeBreakpoints done
Event: 709.624 Executing VM operation: ChangeBreakpoints
Event: 709.624 Executing VM operation: ChangeBreakpoints done
Event: 709.632 Executing VM operation: ChangeBreakpoints
Event: 709.633 Executing VM operation: ChangeBreakpoints done
Event: 709.633 Executing VM operation: ChangeBreakpoints
Event: 709.633 Executing VM operation: ChangeBreakpoints done
Event: 786.506 Executing VM operation: RedefineClasses
Event: 786.508 Executing VM operation: RedefineClasses done


Dynamic libraries:
0x00007ff703b40000 - 0x00007ff703b77000 	C:\Program Files\Java\jre1.8.0_91\bin\javaw.exe
0x00007ff9de240000 - 0x00007ff9de411000 	C:\WINDOWS\SYSTEM32\ntdll.dll
0x00007ff9dc150000 - 0x00007ff9dc1fb000 	C:\WINDOWS\System32\KERNEL32.DLL
0x00007ff9dac30000 - 0x00007ff9dae4d000 	C:\WINDOWS\System32\KERNELBASE.dll
0x00007ff9de190000 - 0x00007ff9de232000 	C:\WINDOWS\System32\ADVAPI32.dll
0x00007ff9dc490000 - 0x00007ff9dc52e000 	C:\WINDOWS\System32\msvcrt.dll
0x00007ff9dc6d0000 - 0x00007ff9dc729000 	C:\WINDOWS\System32\sechost.dll
0x00007ff9dbf30000 - 0x00007ff9dc051000 	C:\WINDOWS\System32\RPCRT4.dll
0x00007ff9db850000 - 0x00007ff9db9b5000 	C:\WINDOWS\System32\USER32.dll
0x00007ff9da730000 - 0x00007ff9da74e000 	C:\WINDOWS\System32\win32u.dll
0x00007ff9dc110000 - 0x00007ff9dc144000 	C:\WINDOWS\System32\GDI32.dll
0x00007ff9daf60000 - 0x00007ff9db0e2000 	C:\WINDOWS\System32\gdi32full.dll
0x00007ff9d50d0000 - 0x00007ff9d5349000 	C:\WINDOWS\WinSxS\amd64_microsoft.windows.common-controls_6595b64144ccf1df_6.0.14393.447_none_42191651c6827bb3\COMCTL32.dll
0x00007ff9dde60000 - 0x00007ff9de127000 	C:\WINDOWS\System32\combase.dll
0x00007ff9daa20000 - 0x00007ff9dab15000 	C:\WINDOWS\System32\ucrtbase.dll
0x00007ff9dab20000 - 0x00007ff9dab8a000 	C:\WINDOWS\System32\bcryptPrimitives.dll
0x00007ff9dc300000 - 0x00007ff9dc32e000 	C:\WINDOWS\System32\IMM32.DLL
0x0000000050ca0000 - 0x0000000050d72000 	C:\Program Files\Java\jre1.8.0_91\bin\msvcr100.dll
0x0000000050d80000 - 0x0000000051613000 	C:\Program Files\Java\jre1.8.0_91\bin\server\jvm.dll
0x00007ff9dc100000 - 0x00007ff9dc108000 	C:\WINDOWS\System32\PSAPI.DLL
0x00007ff9d0920000 - 0x00007ff9d0929000 	C:\WINDOWS\SYSTEM32\WSOCK32.dll
0x00007ff9d87b0000 - 0x00007ff9d87d3000 	C:\WINDOWS\SYSTEM32\WINMM.dll
0x00007ff9ddcb0000 - 0x00007ff9ddd1a000 	C:\WINDOWS\System32\WS2_32.dll
0x00007ff9ce620000 - 0x00007ff9ce62a000 	C:\WINDOWS\SYSTEM32\VERSION.dll
0x00007ff9d8620000 - 0x00007ff9d864b000 	C:\WINDOWS\SYSTEM32\WINMMBASE.dll
0x00007ff9da9d0000 - 0x00007ff9daa12000 	C:\WINDOWS\System32\cfgmgr32.dll
0x0000000050c90000 - 0x0000000050c9f000 	C:\Program Files\Java\jre1.8.0_91\bin\verify.dll
0x0000000050c60000 - 0x0000000050c89000 	C:\Program Files\Java\jre1.8.0_91\bin\java.dll
0x0000000050b90000 - 0x0000000050bc5000 	C:\Program Files\Java\jre1.8.0_91\bin\jdwp.dll
0x0000000050b80000 - 0x0000000050b88000 	C:\Program Files\Java\jre1.8.0_91\bin\npt.dll
0x0000000050c40000 - 0x0000000050c56000 	C:\Program Files\Java\jre1.8.0_91\bin\zip.dll
0x00007ff9dc740000 - 0x00007ff9ddc49000 	C:\WINDOWS\System32\SHELL32.dll
0x00007ff9db0f0000 - 0x00007ff9db7ca000 	C:\WINDOWS\System32\windows.storage.dll
0x00007ff9da6c0000 - 0x00007ff9da70c000 	C:\WINDOWS\System32\powrprof.dll
0x00007ff9de130000 - 0x00007ff9de182000 	C:\WINDOWS\System32\shlwapi.dll
0x00007ff9da6b0000 - 0x00007ff9da6bf000 	C:\WINDOWS\System32\kernel.appcore.dll
0x00007ff9da750000 - 0x00007ff9da7f9000 	C:\WINDOWS\System32\shcore.dll
0x00007ff9da710000 - 0x00007ff9da724000 	C:\WINDOWS\System32\profapi.dll
0x0000000050b70000 - 0x0000000050b79000 	C:\Program Files\Java\jre1.8.0_91\bin\dt_socket.dll
0x00007ff9ce7f0000 - 0x00007ff9ce806000 	C:\WINDOWS\system32\napinsp.dll
0x00007ff9ce810000 - 0x00007ff9ce82a000 	C:\WINDOWS\system32\pnrpnsp.dll
0x00007ff9d7af0000 - 0x00007ff9d7b08000 	C:\WINDOWS\system32\NLAapi.dll
0x00007ff9d9ea0000 - 0x00007ff9d9efc000 	C:\WINDOWS\System32\mswsock.dll
0x00007ff9d9c70000 - 0x00007ff9d9d10000 	C:\WINDOWS\SYSTEM32\DNSAPI.dll
0x00007ff9db7d0000 - 0x00007ff9db7d8000 	C:\WINDOWS\System32\NSI.dll
0x00007ff9d9c30000 - 0x00007ff9d9c68000 	C:\WINDOWS\SYSTEM32\IPHLPAPI.DLL
0x00007ff9cfb40000 - 0x00007ff9cfb4e000 	C:\WINDOWS\System32\winrnr.dll
0x00007ff9d6630000 - 0x00007ff9d669a000 	C:\WINDOWS\System32\fwpuclnt.dll
0x00007ff9da5e0000 - 0x00007ff9da60b000 	C:\WINDOWS\SYSTEM32\bcrypt.dll
0x00007ff9d3f40000 - 0x00007ff9d3f4a000 	C:\Windows\System32\rasadhlp.dll
0x00007ff9d7780000 - 0x00007ff9d7912000 	C:\WINDOWS\SYSTEM32\dbghelp.dll

VM Arguments:
jvm_args: -agentlib:jdwp=transport=dt_socket,suspend=y,address=localhost:62017 -Dfile.encoding=Cp1252 
java_command: fr.pizzeria.ihm.Ecran
java_class_path (initial): C:\Users\ETY11\Documents\formation-dta\workspace\pizzeria-console-objet-v2\bin
Launcher Type: SUN_STANDARD

Environment Variables:
PATH=C:/Program Files/Java/jre1.8.0_91/bin/server;C:/Program Files/Java/jre1.8.0_91/bin;C:/Program Files/Java/jre1.8.0_91/lib/amd64;C:\ProgramData\Oracle\Java\javapath;C:\WINDOWS\system32;C:\WINDOWS;C:\WINDOWS\System32\Wbem;C:\WINDOWS\System32\WindowsPowerShell\v1.0\;C:\Program Files (x86)\Git\cmd;"C:\Program Files\Java\jdk1.8.0_91\bin";C:\Users\ETY11\AppData\Local\Microsoft\WindowsApps;;C:\Program Files (x86)\Microsoft VS Code\bin;C:\sts-bundle\sts-3.8.2.RELEASE;
USERNAME=ETY11
OS=Windows_NT
PROCESSOR_IDENTIFIER=Intel64 Family 6 Model 60 Stepping 3, GenuineIntel



---------------  S Y S T E M  ---------------

OS: Windows 10.0 , 64 bit Build 14393 (10.0.14393.0)

CPU:total 4 (2 cores per cpu, 2 threads per core) family 6 model 60 stepping 3, cmov, cx8, fxsr, mmx, sse, sse2, sse3, ssse3, sse4.1, sse4.2, popcnt, avx, avx2, aes, clmul, erms, lzcnt, ht, tsc, tscinvbit, bmi1, bmi2

Memory: 4k page, physical 8305076k(2162812k free), swap 13365388k(4877728k free)

vm_info: Java HotSpot(TM) 64-Bit Server VM (25.91-b14) for windows-amd64 JRE (1.8.0_91-b14), built on Apr  1 2016 00:58:32 by "java_re" with MS VC++ 10.0 (VS2010)

time: Wed Nov 30 16:45:16 2016
elapsed time: 786 seconds (0d 0h 13m 6s)

