#
# A fatal error has been detected by the Java Runtime Environment:
#
#  EXCEPTION_ACCESS_VIOLATION (0xc0000005) at pc=0x0000000050ea8f45, pid=1204, tid=6204
#
# JRE version: Java(TM) SE Runtime Environment (8.0_91-b14) (build 1.8.0_91-b14)
# Java VM: Java HotSpot(TM) 64-Bit Server VM (25.91-b14 mixed mode windows-amd64 compressed oops)
# Problematic frame:
# V  [jvm.dll+0x128f45]
#
# Failed to write core dump. Minidumps are not enabled by default on client versions of Windows
#
# If you would like to submit a bug report, please visit:
#   http://bugreport.java.com/bugreport/crash.jsp
#

---------------  T H R E A D  ---------------

Current thread (0x0000000017a67000):  JavaThread "JDWP Transport Listener: dt_socket" daemon [_thread_in_vm, id=6204, stack(0x0000000019400000,0x0000000019500000)]

siginfo: ExceptionCode=0xc0000005, reading address 0x00000000003b3124

Registers:
RAX=0x00000000194ff701, RBX=0x0000000017a67000, RCX=0x00000000003b3124, RDX=0x0000000000000000
RSP=0x00000000194ff740, RBP=0x00000000003b3124, RSI=0x00000000194ff858, RDI=0x0000000002eb9070
R8 =0x0000000017a67000, R9 =0x0000000000000000, R10=0x0000000000000000, R11=0x0000000000000064
R12=0x0000000000000000, R13=0x0000000017a70348, R14=0x0000000000000000, R15=0x0000000000000000
RIP=0x0000000050ea8f45, EFLAGS=0x0000000000010206

Top of Stack: (sp=0x00000000194ff740)
0x00000000194ff740:   0000000017a67000 00000000199d0a60
0x00000000194ff750:   00000000194ff808 00000000510af32b
0x00000000194ff760:   0000000017a67000 00000000510cbb8d
0x00000000194ff770:   0000000000000000 0000000050ba9155
0x00000000194ff780:   0000000019c4f4c8 0000000050bb291e
0x00000000194ff790:   0000000017a67000 0000000000000000
0x00000000194ff7a0:   0000000000000000 0000000000000000
0x00000000194ff7b0:   00000000003b3124 0000000050bb1a15
0x00000000194ff7c0:   00000000194ff858 00000000194ff830
0x00000000194ff7d0:   0000000000000001 0000000019c4f4c8
0x00000000194ff7e0:   00000000003b3124 0000000050b953b3
0x00000000194ff7f0:   00000000194ff920 0000000000000001
0x00000000194ff800:   0000000000000001 0000000019c4f4c8
0x00000000194ff810:   00000000f000100a 0000000000000000
0x00000000194ff820:   0000000000000000 0000000000000000
0x00000000194ff830:   0000000000000001 0000000050b95571 

Instructions: (pc=0x0000000050ea8f45)
0x0000000050ea8f25:   cc cc cc cc cc cc cc cc cc cc cc 48 83 ec 28 48
0x0000000050ea8f35:   85 c9 75 07 33 c0 48 83 c4 28 c3 48 89 5c 24 20
0x0000000050ea8f45:   48 8b 19 48 85 db 74 20 48 83 fb 37 74 1a 48 8b
0x0000000050ea8f55:   13 48 8b cb ff 52 10 84 c0 74 0d 48 8b c3 48 8b 


Register to memory mapping:

RAX=0x00000000194ff701 is pointing into the stack for thread: 0x0000000017a67000
RBX=0x0000000017a67000 is a thread
RCX=0x00000000003b3124 is an unknown value
RDX=0x0000000000000000 is an unknown value
RSP=0x00000000194ff740 is pointing into the stack for thread: 0x0000000017a67000
RBP=0x00000000003b3124 is an unknown value
RSI=0x00000000194ff858 is pointing into the stack for thread: 0x0000000017a67000
RDI=0x0000000002eb9070 is an unknown value
R8 =0x0000000017a67000 is a thread
R9 =0x0000000000000000 is an unknown value
R10=0x0000000000000000 is an unknown value
R11=0x0000000000000064 is an unknown value
R12=0x0000000000000000 is an unknown value
R13=0x0000000017a70348 is an unknown value
R14=0x0000000000000000 is an unknown value
R15=0x0000000000000000 is an unknown value


Stack: [0x0000000019400000,0x0000000019500000],  sp=0x00000000194ff740,  free space=1021k
Native frames: (J=compiled Java code, j=interpreted, Vv=VM code, C=native code)
V  [jvm.dll+0x128f45]
V  [jvm.dll+0x34bb8d]
C  [jdwp.dll+0x21a15]
C  [jdwp.dll+0x53b3]
C  [jdwp.dll+0x5571]
C  [jdwp.dll+0xf0a8]
C  [jdwp.dll+0x1f2d5]
C  [jdwp.dll+0x1f4aa]
V  [jvm.dll+0x1bbf38]
V  [jvm.dll+0x243ae4]
V  [jvm.dll+0x29a99a]
C  [msvcr100.dll+0x21d9f]
C  [msvcr100.dll+0x21e3b]
C  [KERNEL32.DLL+0x8364]
C  [ntdll.dll+0x65e91]


---------------  P R O C E S S  ---------------

Java Threads: ( => current thread )
  0x000000001993c800 JavaThread "Service Thread" daemon [_thread_blocked, id=9572, stack(0x0000000019e00000,0x0000000019f00000)]
  0x0000000019908800 JavaThread "C1 CompilerThread2" daemon [_thread_blocked, id=9148, stack(0x0000000019d00000,0x0000000019e00000)]
  0x0000000017a88000 JavaThread "C2 CompilerThread1" daemon [_thread_blocked, id=3576, stack(0x0000000019800000,0x0000000019900000)]
  0x0000000017a86800 JavaThread "C2 CompilerThread0" daemon [_thread_blocked, id=3688, stack(0x0000000019700000,0x0000000019800000)]
  0x0000000017a76800 JavaThread "JDWP Command Reader" daemon [_thread_in_native, id=772, stack(0x0000000019600000,0x0000000019700000)]
  0x0000000017a75000 JavaThread "JDWP Event Helper Thread" daemon [_thread_blocked, id=6100, stack(0x0000000019500000,0x0000000019600000)]
=>0x0000000017a67000 JavaThread "JDWP Transport Listener: dt_socket" daemon [_thread_in_vm, id=6204, stack(0x0000000019400000,0x0000000019500000)]
  0x0000000017a5b800 JavaThread "Attach Listener" daemon [_thread_blocked, id=6452, stack(0x0000000018fc0000,0x00000000190c0000)]
  0x0000000017a5a000 JavaThread "Signal Dispatcher" daemon [_thread_blocked, id=9344, stack(0x0000000018ec0000,0x0000000018fc0000)]
  0x0000000002e7a800 JavaThread "Finalizer" daemon [_thread_blocked, id=1264, stack(0x0000000018cb0000,0x0000000018db0000)]
  0x0000000017a29000 JavaThread "Reference Handler" daemon [_thread_blocked, id=7268, stack(0x0000000018bb0000,0x0000000018cb0000)]
  0x0000000002ebd800 JavaThread "main" [_thread_blocked, id=8248, stack(0x0000000001530000,0x0000000001630000)]

Other Threads:
  0x0000000017a27000 VMThread [stack: 0x0000000018ab0000,0x0000000018bb0000] [id=3616]
  0x0000000019948800 WatcherThread [stack: 0x0000000019f00000,0x000000001a000000] [id=7388]

VM state:not at safepoint (normal execution)

VM Mutex/Monitor currently owned by a thread: None

Heap:
 PSYoungGen      total 38400K, used 3997K [0x00000000d5c00000, 0x00000000d8680000, 0x0000000100000000)
  eden space 33280K, 12% used [0x00000000d5c00000,0x00000000d5fe7550,0x00000000d7c80000)
  from space 5120K, 0% used [0x00000000d8180000,0x00000000d8180000,0x00000000d8680000)
  to   space 5120K, 0% used [0x00000000d7c80000,0x00000000d7c80000,0x00000000d8180000)
 ParOldGen       total 87552K, used 0K [0x0000000081400000, 0x0000000086980000, 0x00000000d5c00000)
  object space 87552K, 0% used [0x0000000081400000,0x0000000081400000,0x0000000086980000)
 Metaspace       used 4443K, capacity 4948K, committed 4992K, reserved 1056768K
  class space    used 524K, capacity 608K, committed 640K, reserved 1048576K

Card table byte_map: [0x0000000012280000,0x0000000012680000] byte_map_base: 0x0000000011e76000

Marking Bits: (ParMarkBitMap*) 0x0000000051592f70
 Begin Bits: [0x0000000012d30000, 0x0000000014ce0000)
 End Bits:   [0x0000000014ce0000, 0x0000000016c90000)

Polling page: 0x0000000001630000

CodeCache: size=245760Kb used=1589Kb max_used=1589Kb free=244171Kb
 bounds [0x0000000002ec0000, 0x0000000003130000, 0x0000000011ec0000]
 total_blobs=529 nmethods=274 adapters=176
 compilation: enabled

Compilation events (10 events):
Event: 0.269 Thread 0x0000000019908800  269       3       java.util.regex.ASCII::isAscii (13 bytes)
Event: 0.269 Thread 0x0000000019908800 nmethod 269 0x000000000304bb90 code [0x000000000304bce0, 0x000000000304be70]
Event: 0.269 Thread 0x0000000019908800  270       3       java.util.regex.Pattern::peek (26 bytes)
Event: 0.270 Thread 0x0000000019908800 nmethod 270 0x000000000304bed0 code [0x000000000304c040, 0x000000000304c308]
Event: 0.270 Thread 0x0000000019908800  271       3       java.lang.Character::isBmpCodePoint (13 bytes)
Event: 0.270 Thread 0x0000000019908800 nmethod 271 0x000000000304c450 code [0x000000000304c5a0, 0x000000000304c730]
Event: 0.270 Thread 0x0000000019908800  272       3       java.util.regex.Pattern::next (33 bytes)
Event: 0.270 Thread 0x0000000019908800 nmethod 272 0x000000000304c790 code [0x000000000304c900, 0x000000000304cbe8]
Event: 0.270 Thread 0x0000000019908800  273       1       java.util.regex.Pattern::flags (5 bytes)
Event: 0.270 Thread 0x0000000019908800 nmethod 273 0x000000000304cd10 code [0x000000000304ce60, 0x000000000304cf70]

GC Heap History (0 events):
No events

Deoptimization events (0 events):
No events

Internal exceptions (8 events):
Event: 0.025 Thread 0x0000000002ebd800 Exception <a 'java/lang/NoSuchMethodError': Method sun.misc.Unsafe.defineClass(Ljava/lang/String;[BII)Ljava/lang/Class; name or signature does not match> (0x00000000d5c07cc0) thrown at [C:\re\workspace\8-2-build-windows-amd64-cygwin\jdk8u91\6644\hotspot\srÅI•πô?
Event: 0.025 Thread 0x0000000002ebd800 Exception <a 'java/lang/NoSuchMethodError': Method sun.misc.Unsafe.prefetchRead(Ljava/lang/Object;J)V name or signature does not match> (0x00000000d5c07fa8) thrown at [C:\re\workspace\8-2-build-windows-amd64-cygwin\jdk8u91\6644\hotspot\src\share\vm\prims\jºÜ√ß¥√?
Event: 0.154 Thread 0x0000000002ebd800 Exception <a 'java/security/PrivilegedActionException'> (0x00000000d5c906d0) thrown at [C:\re\workspace\8-2-build-windows-amd64-cygwin\jdk8u91\6644\hotspot\src\share\vm\prims\jvm.cpp, line 1386]
Event: 0.154 Thread 0x0000000002ebd800 Exception <a 'java/security/PrivilegedActionException'> (0x00000000d5c90ac8) thrown at [C:\re\workspace\8-2-build-windows-amd64-cygwin\jdk8u91\6644\hotspot\src\share\vm\prims\jvm.cpp, line 1386]
Event: 0.155 Thread 0x0000000002ebd800 Exception <a 'java/security/PrivilegedActionException'> (0x00000000d5c94858) thrown at [C:\re\workspace\8-2-build-windows-amd64-cygwin\jdk8u91\6644\hotspot\src\share\vm\prims\jvm.cpp, line 1386]
Event: 0.155 Thread 0x0000000002ebd800 Exception <a 'java/security/PrivilegedActionException'> (0x00000000d5c94c50) thrown at [C:\re\workspace\8-2-build-windows-amd64-cygwin\jdk8u91\6644\hotspot\src\share\vm\prims\jvm.cpp, line 1386]
Event: 0.229 Thread 0x0000000002ebd800 Exception <a 'java/lang/NoSuchFieldError': method resolution failed> (0x00000000d5ef8690) thrown at [C:\re\workspace\8-2-build-windows-amd64-cygwin\jdk8u91\6644\hotspot\src\share\vm\prims\methodHandles.cpp, line 1146]
Event: 0.241 Thread 0x0000000002ebd800 Exception <a 'java/lang/NoSuchFieldError': method resolution failed> (0x00000000d5f05a10) thrown at [C:\re\workspace\8-2-build-windows-amd64-cygwin\jdk8u91\6644\hotspot\src\share\vm\prims\methodHandles.cpp, line 1146]

Events (10 events):
Event: 47.958 Executing VM operation: GetOrSetLocal
Event: 47.958 Executing VM operation: GetOrSetLocal done
Event: 47.974 Executing VM operation: GetOrSetLocal
Event: 47.974 Executing VM operation: GetOrSetLocal done
Event: 47.974 Executing VM operation: GetOrSetLocal
Event: 47.974 Executing VM operation: GetOrSetLocal done
Event: 47.974 Executing VM operation: GetOrSetLocal
Event: 47.974 Executing VM operation: GetOrSetLocal done
Event: 76.045 Executing VM operation: RedefineClasses
Event: 76.046 Executing VM operation: RedefineClasses done


Dynamic libraries:
0x00007ff703b40000 - 0x00007ff703b77000 	C:\Program Files\Java\jre1.8.0_91\bin\javaw.exe
0x00007ff9de240000 - 0x00007ff9de411000 	C:\WINDOWS\SYSTEM32\ntdll.dll
0x00007ff9dc150000 - 0x00007ff9dc1fb000 	C:\WINDOWS\System32\KERNEL32.DLL
0x00007ff9dac30000 - 0x00007ff9dae4d000 	C:\WINDOWS\System32\KERNELBASE.dll
0x00007ff9de190000 - 0x00007ff9de232000 	C:\WINDOWS\System32\ADVAPI32.dll
0x00007ff9dc490000 - 0x00007ff9dc52e000 	C:\WINDOWS\System32\msvcrt.dll
0x00007ff9dc6d0000 - 0x00007ff9dc729000 	C:\WINDOWS\System32\sechost.dll
0x00007ff9dbf30000 - 0x00007ff9dc051000 	C:\WINDOWS\System32\RPCRT4.dll
0x00007ff9db850000 - 0x00007ff9db9b5000 	C:\WINDOWS\System32\USER32.dll
0x00007ff9da730000 - 0x00007ff9da74e000 	C:\WINDOWS\System32\win32u.dll
0x00007ff9dc110000 - 0x00007ff9dc144000 	C:\WINDOWS\System32\GDI32.dll
0x00007ff9daf60000 - 0x00007ff9db0e2000 	C:\WINDOWS\System32\gdi32full.dll
0x00007ff9d50d0000 - 0x00007ff9d5349000 	C:\WINDOWS\WinSxS\amd64_microsoft.windows.common-controls_6595b64144ccf1df_6.0.14393.447_none_42191651c6827bb3\COMCTL32.dll
0x00007ff9dde60000 - 0x00007ff9de127000 	C:\WINDOWS\System32\combase.dll
0x00007ff9daa20000 - 0x00007ff9dab15000 	C:\WINDOWS\System32\ucrtbase.dll
0x00007ff9dab20000 - 0x00007ff9dab8a000 	C:\WINDOWS\System32\bcryptPrimitives.dll
0x00007ff9dc300000 - 0x00007ff9dc32e000 	C:\WINDOWS\System32\IMM32.DLL
0x0000000050ca0000 - 0x0000000050d72000 	C:\Program Files\Java\jre1.8.0_91\bin\msvcr100.dll
0x0000000050d80000 - 0x0000000051613000 	C:\Program Files\Java\jre1.8.0_91\bin\server\jvm.dll
0x00007ff9dc100000 - 0x00007ff9dc108000 	C:\WINDOWS\System32\PSAPI.DLL
0x00007ff9d0920000 - 0x00007ff9d0929000 	C:\WINDOWS\SYSTEM32\WSOCK32.dll
0x00007ff9ddcb0000 - 0x00007ff9ddd1a000 	C:\WINDOWS\System32\WS2_32.dll
0x00007ff9d87b0000 - 0x00007ff9d87d3000 	C:\WINDOWS\SYSTEM32\WINMM.dll
0x00007ff9ce620000 - 0x00007ff9ce62a000 	C:\WINDOWS\SYSTEM32\VERSION.dll
0x00007ff9d8620000 - 0x00007ff9d864b000 	C:\WINDOWS\SYSTEM32\WINMMBASE.dll
0x00007ff9da9d0000 - 0x00007ff9daa12000 	C:\WINDOWS\System32\cfgmgr32.dll
0x0000000050c90000 - 0x0000000050c9f000 	C:\Program Files\Java\jre1.8.0_91\bin\verify.dll
0x0000000050c60000 - 0x0000000050c89000 	C:\Program Files\Java\jre1.8.0_91\bin\java.dll
0x0000000050b90000 - 0x0000000050bc5000 	C:\Program Files\Java\jre1.8.0_91\bin\jdwp.dll
0x0000000050b80000 - 0x0000000050b88000 	C:\Program Files\Java\jre1.8.0_91\bin\npt.dll
0x0000000050c40000 - 0x0000000050c56000 	C:\Program Files\Java\jre1.8.0_91\bin\zip.dll
0x00007ff9dc740000 - 0x00007ff9ddc49000 	C:\WINDOWS\System32\SHELL32.dll
0x00007ff9db0f0000 - 0x00007ff9db7ca000 	C:\WINDOWS\System32\windows.storage.dll
0x00007ff9da6c0000 - 0x00007ff9da70c000 	C:\WINDOWS\System32\powrprof.dll
0x00007ff9de130000 - 0x00007ff9de182000 	C:\WINDOWS\System32\shlwapi.dll
0x00007ff9da6b0000 - 0x00007ff9da6bf000 	C:\WINDOWS\System32\kernel.appcore.dll
0x00007ff9da750000 - 0x00007ff9da7f9000 	C:\WINDOWS\System32\shcore.dll
0x00007ff9da710000 - 0x00007ff9da724000 	C:\WINDOWS\System32\profapi.dll
0x0000000050b70000 - 0x0000000050b79000 	C:\Program Files\Java\jre1.8.0_91\bin\dt_socket.dll
0x00007ff9ce7f0000 - 0x00007ff9ce806000 	C:\WINDOWS\system32\napinsp.dll
0x00007ff9ce810000 - 0x00007ff9ce82a000 	C:\WINDOWS\system32\pnrpnsp.dll
0x00007ff9d7af0000 - 0x00007ff9d7b08000 	C:\WINDOWS\system32\NLAapi.dll
0x00007ff9d9ea0000 - 0x00007ff9d9efc000 	C:\WINDOWS\System32\mswsock.dll
0x00007ff9d9c70000 - 0x00007ff9d9d10000 	C:\WINDOWS\SYSTEM32\DNSAPI.dll
0x00007ff9db7d0000 - 0x00007ff9db7d8000 	C:\WINDOWS\System32\NSI.dll
0x00007ff9d9c30000 - 0x00007ff9d9c68000 	C:\WINDOWS\SYSTEM32\IPHLPAPI.DLL
0x00007ff9cfb40000 - 0x00007ff9cfb4e000 	C:\WINDOWS\System32\winrnr.dll
0x00007ff9d6630000 - 0x00007ff9d669a000 	C:\WINDOWS\System32\fwpuclnt.dll
0x00007ff9da5e0000 - 0x00007ff9da60b000 	C:\WINDOWS\SYSTEM32\bcrypt.dll
0x00007ff9d3f40000 - 0x00007ff9d3f4a000 	C:\Windows\System32\rasadhlp.dll
0x00007ff9d7780000 - 0x00007ff9d7912000 	C:\WINDOWS\SYSTEM32\dbghelp.dll

VM Arguments:
jvm_args: -agentlib:jdwp=transport=dt_socket,suspend=y,address=localhost:62082 -Dfile.encoding=Cp1252 
java_command: fr.pizzeria.ihm.Ecran
java_class_path (initial): C:\Users\ETY11\Documents\formation-dta\workspace\pizzeria-console-objet-v2\bin
Launcher Type: SUN_STANDARD

Environment Variables:
PATH=C:/Program Files/Java/jre1.8.0_91/bin/server;C:/Program Files/Java/jre1.8.0_91/bin;C:/Program Files/Java/jre1.8.0_91/lib/amd64;C:\ProgramData\Oracle\Java\javapath;C:\WINDOWS\system32;C:\WINDOWS;C:\WINDOWS\System32\Wbem;C:\WINDOWS\System32\WindowsPowerShell\v1.0\;C:\Program Files (x86)\Git\cmd;"C:\Program Files\Java\jdk1.8.0_91\bin";C:\Users\ETY11\AppData\Local\Microsoft\WindowsApps;;C:\Program Files (x86)\Microsoft VS Code\bin;C:\sts-bundle\sts-3.8.2.RELEASE;
USERNAME=ETY11
OS=Windows_NT
PROCESSOR_IDENTIFIER=Intel64 Family 6 Model 60 Stepping 3, GenuineIntel



---------------  S Y S T E M  ---------------

OS: Windows 10.0 , 64 bit Build 14393 (10.0.14393.0)

CPU:total 4 (2 cores per cpu, 2 threads per core) family 6 model 60 stepping 3, cmov, cx8, fxsr, mmx, sse, sse2, sse3, ssse3, sse4.1, sse4.2, popcnt, avx, avx2, aes, clmul, erms, lzcnt, ht, tsc, tscinvbit, bmi1, bmi2

Memory: 4k page, physical 8305076k(2177512k free), swap 13365388k(5112296k free)

vm_info: Java HotSpot(TM) 64-Bit Server VM (25.91-b14) for windows-amd64 JRE (1.8.0_91-b14), built on Apr  1 2016 00:58:32 by "java_re" with MS VC++ 10.0 (VS2010)

time: Wed Nov 30 16:45:17 2016
elapsed time: 76 seconds (0d 0h 1m 16s)

